<?xml version="1.0" encoding="utf-8"?><testsuites name="pytest tests"><testsuite name="pytest" errors="0" failures="0" skipped="0" tests="15" time="2.305" timestamp="2026-06-30T22:54:34.682270+00:00" hostname="4961911c9e22"><testcase classname="tests.test_data_validation" name="test_binary_target_accepts_zero_and_one" time="0.124" /><testcase classname="tests.test_data_validation" name="test_binary_target_rejects_other_values" time="0.001" /><testcase classname="tests.test_data_validation" name="test_probability_validation_rejects_out_of_range" time="0.001" /><testcase classname="tests.test_data_validation" name="test_customer_overlap_is_zero_for_independent_splits" time="0.003" /><testcase classname="tests.test_data_validation" name="test_customer_overlap_detects_reused_customer" time="0.002" /><testcase classname="tests.test_drift_monitoring" name="test_identical_numeric_distributions_have_near_zero_psi" time="0.005" /><testcase classname="tests.test_drift_monitoring" name="test_psi_is_non_negative" time="0.001" /><testcase classname="tests.test_drift_monitoring" name="test_psi_threshold_classification" time="0.001" /><testcase classname="tests.test_drift_monitoring" name="test_significant_drift_creates_alert" time="0.000" /><testcase classname="tests.test_evidence_integrity" name="test_customer_overlap_evidence_passed" time="0.002" /><testcase classname="tests.test_evidence_integrity" name="test_drift_psi_values_are_non_negative" time="0.002" /><testcase classname="tests.test_evidence_integrity" name="test_final_comparison_contains_both_models" time="0.001" /><testcase classname="tests.test_metrics" name="test_model_quality_gates" time="0.142" /><testcase classname="tests.test_metrics" name="test_automl_outperforms_manual_on_primary_test_metrics" time="0.127" /><testcase classname="tests.test_prediction_schema" name="test_prediction_evidence_has_expected_schema" time="0.030" /></testsuite></testsuites>